0 info it worked if it ends with ok
1 verbose cli [ '/usr/local/bin/node', '/usr/local/bin/npm', 'info' ]
2 info using npm@2.5.1
3 info using node@v0.12.1
4 verbose stack Error: Invalid package.json
4 verbose stack     at /usr/local/lib/node_modules/npm/lib/view.js:79:30
4 verbose stack     at /usr/local/lib/node_modules/npm/node_modules/read-package-json/read-json.js:51:40
4 verbose stack     at /usr/local/lib/node_modules/npm/node_modules/read-package-json/read-json.js:99:48
4 verbose stack     at evalmachine.<anonymous>:336:14
4 verbose stack     at /usr/local/lib/node_modules/npm/node_modules/graceful-fs/graceful-fs.js:102:5
4 verbose stack     at FSReqWrap.oncomplete (evalmachine.<anonymous>:99:15)
5 verbose cwd /home/pi/projects/nodejs/tutorial
6 error Linux 3.18.11-v7+
7 error argv "/usr/local/bin/node" "/usr/local/bin/npm" "info"
8 error node v0.12.1
9 error npm  v2.5.1
10 error Invalid package.json
11 error If you need help, you may report this error at:
11 error     <http://github.com/npm/npm/issues>
12 verbose exit [ 1, true ]
